<?xml version="1.0" encoding="UTF-8"?>
<!-- Generated by org.testng.reporters.JUnitReportReporter -->
<testsuite hostname="OAPH000125" failures="0" tests="4" name="com.oneaston.oneview.automation.ui.runners.RunCucumberTest" time="274.166" errors="0" timestamp="2023-08-16T13:41:37 SGT" skipped="0">
  <testcase classname="com.oneaston.oneview.automation.ui.runners.RunCucumberTest" name="runScenario" time="92.854"/>
  <system-out/>
  <testcase classname="com.oneaston.oneview.automation.ui.runners.RunCucumberTest" name="runScenario" time="45.158"/>
  <system-out/>
  <testcase classname="com.oneaston.oneview.automation.ui.runners.RunCucumberTest" name="runScenario" time="50.979"/>
  <system-out/>
  <testcase classname="com.oneaston.oneview.automation.ui.runners.RunCucumberTest" name="runScenario" time="85.175"/>
  <system-out/>
</testsuite> <!-- com.oneaston.oneview.automation.ui.runners.RunCucumberTest -->
